<?xml version="1.0" encoding="UTF-8"?>
<coverage generated="1749133702688" clover="3.2.0">
  <project timestamp="1749133702688" name="All files">
    <metrics statements="24" coveredstatements="4" conditionals="2" coveredconditionals="1" methods="6" coveredmethods="2" elements="32" coveredelements="7" complexity="0" loc="24" ncloc="24" packages="1" files="4" classes="4"/>
    <file name="app.controller.ts" path="C:\Users\erkan\OneDrive\Masaüstü\FotekCRM deneme\FotekCRM\backend\src\app.controller.ts">
      <metrics statements="8" coveredstatements="0" conditionals="0" coveredconditionals="0" methods="3" coveredmethods="0"/>
      <line num="1" count="0" type="stmt"/>
      <line num="2" count="0" type="stmt"/>
      <line num="5" count="0" type="stmt"/>
      <line num="6" count="0" type="stmt"/>
      <line num="9" count="0" type="stmt"/>
      <line num="10" count="0" type="stmt"/>
      <line num="14" count="0" type="stmt"/>
      <line num="15" count="0" type="stmt"/>
    </file>
    <file name="app.module.ts" path="C:\Users\erkan\OneDrive\Masaüstü\FotekCRM deneme\FotekCRM\backend\src\app.module.ts">
      <metrics statements="4" coveredstatements="0" conditionals="0" coveredconditionals="0" methods="0" coveredmethods="0"/>
      <line num="1" count="0" type="stmt"/>
      <line num="2" count="0" type="stmt"/>
      <line num="3" count="0" type="stmt"/>
      <line num="10" count="0" type="stmt"/>
    </file>
    <file name="app.service.ts" path="C:\Users\erkan\OneDrive\Masaüstü\FotekCRM deneme\FotekCRM\backend\src\app.service.ts">
      <metrics statements="4" coveredstatements="4" conditionals="2" coveredconditionals="1" methods="2" coveredmethods="2"/>
      <line num="1" count="1" type="stmt"/>
      <line num="4" count="1" type="stmt"/>
      <line num="6" count="1" type="stmt"/>
      <line num="10" count="2" type="stmt"/>
    </file>
    <file name="main.ts" path="C:\Users\erkan\OneDrive\Masaüstü\FotekCRM deneme\FotekCRM\backend\src\main.ts">
      <metrics statements="8" coveredstatements="0" conditionals="0" coveredconditionals="0" methods="1" coveredmethods="0"/>
      <line num="1" count="0" type="stmt"/>
      <line num="2" count="0" type="stmt"/>
      <line num="5" count="0" type="stmt"/>
      <line num="8" count="0" type="stmt"/>
      <line num="11" count="0" type="stmt"/>
      <line num="13" count="0" type="stmt"/>
      <line num="14" count="0" type="stmt"/>
      <line num="17" count="0" type="stmt"/>
    </file>
  </project>
</coverage>
